<?xml version="1.0" encoding="UTF-8"?>
<!-- Generated by org.testng.reporters.JUnitReportReporter -->
<testsuite hostname="PRATIK" failures="0" tests="4" name="seleniumDay16_TestNG_XML.ClassOne" time="0.003" errors="0" timestamp="31 Mar 2022 15:16:49 GMT">
  <testcase classname="seleniumDay16_TestNG_XML.ClassOne" name="TestMethod1" time="0.001"/>
  <testcase classname="seleniumDay16_TestNG_XML.ClassOne" name="TestMethod2" time="0.000"/>
  <testcase classname="seleniumDay16_TestNG_XML.ClassOne" name="TestMethod3" time="0.001"/>
  <testcase classname="seleniumDay16_TestNG_XML.ClassOne" name="TestMethod4" time="0.001"/>
</testsuite> <!-- seleniumDay16_TestNG_XML.ClassOne -->
