<?xml version="1.0" encoding="UTF-8"?>
<!-- Generated by org.testng.reporters.JUnitReportReporter -->
<testsuite hostname="PRATIK" failures="0" tests="1" name="seleniumDay27_PageObjectModel.A_MasterClass" time="5.821" errors="0" timestamp="8 Apr 2022 15:47:03 GMT">
  <testcase classname="seleniumDay27_PageObjectModel.A_MasterClass" name="masterRun" time="5.821"/>
</testsuite> <!-- seleniumDay27_PageObjectModel.A_MasterClass -->
