<?xml version="1.0" encoding="UTF-8"?>
<!-- Generated by org.testng.reporters.JUnitReportReporter -->
<testsuite hostname="PRATIK" failures="0" tests="2" name="seleniumDay17_TestNGgrouping.GroupingTestNG" time="0.016" errors="0" timestamp="31 Mar 2022 15:41:51 GMT">
  <testcase classname="seleniumDay17_TestNGgrouping.GroupingTestNG" name="TestMethod3" time="0.002"/>
  <testcase classname="seleniumDay17_TestNGgrouping.GroupingTestNG" name="TestMethod1" time="0.014"/>
</testsuite> <!-- seleniumDay17_TestNGgrouping.GroupingTestNG -->
