<?xml version="1.0" encoding="UTF-8"?>
<!-- Generated by org.testng.reporters.JUnitReportReporter -->
<testsuite hostname="PRATIK" failures="0" tests="1" name="seleniumDay22_ParallelExecution.ParallelTest" time="8.370" errors="0" timestamp="5 Apr 2022 15:13:13 GMT">
  <testcase classname="seleniumDay22_ParallelExecution.ParallelTest" name="test1" time="8.370"/>
</testsuite> <!-- seleniumDay22_ParallelExecution.ParallelTest -->
