<?xml version="1.0" encoding="UTF-8"?>
<!-- Generated by org.testng.reporters.JUnitReportReporter -->
<testsuite hostname="PRATIK" failures="0" tests="1" name="seleniumDay29_Log4j.A_MasterClass" time="3.726" errors="0" timestamp="6 Apr 2022 15:54:09 GMT">
  <testcase classname="seleniumDay29_Log4j.A_MasterClass" name="masterRun" time="3.726"/>
</testsuite> <!-- seleniumDay29_Log4j.A_MasterClass -->
