<?xml version="1.0" encoding="UTF-8"?>
<!-- Generated by org.testng.reporters.JUnitReportReporter -->
<testsuite hostname="PRATIK" failures="0" tests="1" name="seleniumDay24_PropertyFIleOperation.TestClass" time="28.933" errors="0" timestamp="30 Mar 2022 16:20:14 GMT">
  <testcase classname="seleniumDay24_PropertyFIleOperation.TestClass" name="userAddFlow" time="28.933"/>
</testsuite> <!-- seleniumDay24_PropertyFIleOperation.TestClass -->
