<?xml version="1.0" encoding="UTF-8"?>
<!-- Generated by org.testng.reporters.JUnitReportReporter -->
<testsuite hostname="PRATIK" failures="0" tests="3" name="seleniumDay15.AnnotationsTenstNG2" time="0.027" errors="0" timestamp="18 Mar 2022 02:24:28 GMT">
  <testcase classname="seleniumDay15.AnnotationsTenstNG2" name="testMethod2" time="0.002"/>
  <testcase classname="seleniumDay15.AnnotationsTenstNG2" name="testMethod3" time="0.003"/>
  <testcase classname="seleniumDay15.AnnotationsTenstNG2" name="testMethod1" time="0.022"/>
</testsuite> <!-- seleniumDay15.AnnotationsTenstNG2 -->
