<?xml version="1.0" encoding="UTF-8"?>
<!-- Generated by org.testng.reporters.JUnitReportReporter -->
<testsuite hostname="PRATIK" failures="0" tests="1" name="seleniumDay25_WaitsInSelenium.ExplicitWaitReal" time="36.734" errors="0" timestamp="6 Apr 2022 15:31:08 GMT">
  <testcase classname="seleniumDay25_WaitsInSelenium.ExplicitWaitReal" name="ImplicitWaitReal" time="36.734"/>
</testsuite> <!-- seleniumDay25_WaitsInSelenium.ExplicitWaitReal -->
