<?xml version="1.0" encoding="UTF-8"?>
<!-- Generated by org.testng.reporters.JUnitReportReporter -->
<testsuite hostname="PRATIK" failures="0" tests="1" name="seleniumDay22_CrossBrowser.TestClass" time="0.005" errors="0" timestamp="5 Apr 2022 15:07:52 GMT">
  <testcase classname="seleniumDay22_CrossBrowser.TestClass" name="test" time="0.005"/>
</testsuite> <!-- seleniumDay22_CrossBrowser.TestClass -->
