<?xml version="1.0" encoding="UTF-8"?>
<!-- Generated by org.testng.reporters.JUnitReportReporter -->
<testsuite hostname="PRATIK" failures="0" tests="1" name="seleniumDay27_PageObjectModel.LoginTest" time="1.502" errors="0" timestamp="2 Apr 2022 01:42:41 GMT">
  <testcase classname="seleniumDay27_PageObjectModel.LoginTest" name="loginTest" time="1.502"/>
</testsuite> <!-- seleniumDay27_PageObjectModel.LoginTest -->
