<?xml version="1.0" encoding="UTF-8"?>
<!-- Generated by org.testng.reporters.JUnitReportReporter -->
<testsuite hostname="PRATIK" failures="0" tests="1" name="seleniumDay14_TestNG.AnnoDemo2" time="0.079" errors="0" timestamp="21 Mar 2022 13:24:44 GMT">
  <testcase classname="seleniumDay14_TestNG.AnnoDemo2" name="verifyHomepageTitle" time="0.079"/>
</testsuite> <!-- seleniumDay14_TestNG.AnnoDemo2 -->
