<?xml version="1.0" encoding="UTF-8"?>
<!-- Generated by org.testng.reporters.JUnitReportReporter -->
<testsuite hostname="PRATIK" failures="0" tests="5" name="seleniumDay21_ParametDataProvider.DataProviderDemo" time="44.970" errors="0" timestamp="3 Apr 2022 16:07:53 GMT">
  <testcase classname="seleniumDay21_ParametDataProvider.DataProviderDemo" name="login" time="8.665"/>
  <testcase classname="seleniumDay21_ParametDataProvider.DataProviderDemo" name="login" time="7.976"/>
  <testcase classname="seleniumDay21_ParametDataProvider.DataProviderDemo" name="login" time="10.325"/>
  <testcase classname="seleniumDay21_ParametDataProvider.DataProviderDemo" name="login" time="8.588"/>
  <testcase classname="seleniumDay21_ParametDataProvider.DataProviderDemo" name="login" time="9.416"/>
</testsuite> <!-- seleniumDay21_ParametDataProvider.DataProviderDemo -->
