<?xml version="1.0" encoding="UTF-8"?>
<!-- Generated by org.testng.reporters.JUnitReportReporter -->
<testsuite hostname="PRATIK" failures="0" tests="1" name="seleniumDay16_TestNG_XML.ClassThree" time="0.010" errors="0" timestamp="31 Mar 2022 15:16:49 GMT">
  <testcase classname="seleniumDay16_TestNG_XML.ClassThree" name="TestMethod1" time="0.010"/>
</testsuite> <!-- seleniumDay16_TestNG_XML.ClassThree -->
