<?xml version="1.0" encoding="UTF-8"?>
<!-- Generated by org.testng.reporters.JUnitReportReporter -->
<testsuite hostname="PRATIK" failures="0" tests="4" name="seleniumDay14_TestNG.AnnoDemo" time="51.986" errors="0" timestamp="30 Mar 2022 15:55:07 GMT">
  <testcase classname="seleniumDay14_TestNG.AnnoDemo" name="verifyHomepageTitle4" time="12.254"/>
  <testcase classname="seleniumDay14_TestNG.AnnoDemo" name="verifyHomepageTitle3" time="12.963"/>
  <testcase classname="seleniumDay14_TestNG.AnnoDemo" name="verifyHomepageTitle2" time="15.180"/>
  <testcase classname="seleniumDay14_TestNG.AnnoDemo" name="verifyHomepageTitle" time="11.589"/>
</testsuite> <!-- seleniumDay14_TestNG.AnnoDemo -->
