<?xml version="1.0" encoding="UTF-8"?>
<!-- Generated by org.testng.reporters.JUnitReportReporter -->
<testsuite hostname="PRATIK" failures="0" tests="3" name="seleniumDay20_Parameterization.ParameterizationDemo" time="17.485" errors="0" timestamp="3 Apr 2022 16:00:24 GMT">
  <testcase classname="seleniumDay20_Parameterization.ParameterizationDemo" name="loginTest2" time="4.659"/>
  <testcase classname="seleniumDay20_Parameterization.ParameterizationDemo" name="loginTest3" time="4.686"/>
  <testcase classname="seleniumDay20_Parameterization.ParameterizationDemo" name="loginTest" time="8.140"/>
</testsuite> <!-- seleniumDay20_Parameterization.ParameterizationDemo -->
