<?xml version="1.0" encoding="UTF-8"?>
<!-- Generated by org.testng.reporters.JUnitReportReporter -->
<testsuite hostname="PRATIK" failures="0" tests="1" name="seleniumDay25_WaitsInSelenium.ImplicitWaitReal" time="19.671" errors="0" timestamp="30 Mar 2022 02:17:32 GMT">
  <testcase classname="seleniumDay25_WaitsInSelenium.ImplicitWaitReal" name="ImplicitWaitReal" time="19.671"/>
</testsuite> <!-- seleniumDay25_WaitsInSelenium.ImplicitWaitReal -->
