<?xml version="1.0" encoding="UTF-8"?>
<!-- Generated by org.testng.reporters.JUnitReportReporter -->
<testsuite hostname="PRATIK" failures="0" tests="1" name="seleniumDay18_ListenerPractise.ListnerDemo" time="0.023" errors="0" timestamp="23 Mar 2022 14:07:16 GMT">
  <testcase classname="seleniumDay18_ListenerPractise.ListnerDemo" name="f" time="0.023"/>
</testsuite> <!-- seleniumDay18_ListenerPractise.ListnerDemo -->
