<?xml version="1.0" encoding="UTF-8"?>
<!-- Generated by org.testng.reporters.JUnitReportReporter -->
<testsuite hostname="PRATIK" failures="0" tests="5" name="seleniumDay17_TestNGgrouping.ClassThree" time="0.014" errors="0" timestamp="31 Mar 2022 15:30:30 GMT">
  <testcase classname="seleniumDay17_TestNGgrouping.ClassThree" name="TestMethod1" time="0.001"/>
  <testcase classname="seleniumDay17_TestNGgrouping.ClassThree" name="TestMethod1" time="0.001"/>
  <testcase classname="seleniumDay17_TestNGgrouping.ClassThree" name="TestMethod1" time="0.010"/>
  <testcase classname="seleniumDay17_TestNGgrouping.ClassThree" name="TestMethod1" time="0.001"/>
  <testcase classname="seleniumDay17_TestNGgrouping.ClassThree" name="TestMethod1" time="0.001"/>
</testsuite> <!-- seleniumDay17_TestNGgrouping.ClassThree -->
