<?xml version="1.0" encoding="UTF-8"?>
<!-- Generated by org.testng.reporters.JUnitReportReporter -->
<testsuite hostname="PRATIK" failures="0" tests="1" name="seleniumDay15.AnnotationsTenstNG" time="0.006" errors="0" timestamp="18 Mar 2022 02:12:17 GMT">
  <testcase classname="seleniumDay15.AnnotationsTenstNG" name="f" time="0.006"/>
</testsuite> <!-- seleniumDay15.AnnotationsTenstNG -->
