<?xml version="1.0" encoding="UTF-8"?>
<!-- Generated by org.testng.reporters.JUnitReportReporter -->
<testsuite hostname="PRATIK" failures="0" tests="1" name="seleniumDay27_PageObjectModel.MasterClass" time="7.365" errors="0" timestamp="2 Apr 2022 15:44:39 GMT">
  <testcase classname="seleniumDay27_PageObjectModel.MasterClass" name="masterRun" time="7.365"/>
</testsuite> <!-- seleniumDay27_PageObjectModel.MasterClass -->
